#
# There is insufficient memory for the Java Runtime Environment to continue.
# Native memory allocation (malloc) failed to allocate 1048576 bytes for AllocateHeap
# Possible reasons:
#   The system is out of physical RAM or swap space
#   The process is running with CompressedOops enabled, and the Java Heap may be blocking the growth of the native heap
# Possible solutions:
#   Reduce memory load on the system
#   Increase physical memory or swap space
#   Check if swap backing store is full
#   Decrease Java heap size (-Xmx/-Xms)
#   Decrease number of Java threads
#   Decrease Java thread stack sizes (-Xss)
#   Set larger code cache with -XX:ReservedCodeCacheSize=
#   JVM is running with Zero Based Compressed Oops mode in which the Java heap is
#     placed in the first 32GB address space. The Java Heap base address is the
#     maximum limit for the native heap growth. Please use -XX:HeapBaseMinAddress
#     to set the Java Heap base and to place the Java Heap above 32GB virtual address.
# This output file may be truncated or incomplete.
#
#  Out of Memory Error (allocation.cpp:44), pid=85548, tid=100668
#
# JRE version:  (18.0.2.1+1) (build )
# Java VM: Java HotSpot(TM) 64-Bit Server VM (18.0.2.1+1-1, mixed mode, sharing, tiered, compressed oops, compressed class ptrs, g1 gc, windows-amd64)
# No core dump will be written. Minidumps are not enabled by default on client versions of Windows
#

---------------  S U M M A R Y ------------

Command Line: -Dfile.encoding=UTF-8 --module-path=C:\Users\prati\OneDrive\Documents\NetBeansProjects\Hotel Management System\build\classes hotel.management.system.SearchRoom

Host: 11th Gen Intel(R) Core(TM) i5-1135G7 @ 2.40GHz, 8 cores, 15G,  Windows 11 , 64 bit Build 22000 (10.0.22000.1335)
Time: Sun Mar  5 16:04:21 2023 India Standard Time elapsed time: 0.013882 seconds (0d 0h 0m 0s)

---------------  T H R E A D  ---------------

Current thread (0x000001a6fde81b80):  JavaThread "Unknown thread" [_thread_in_vm, id=100668, stack(0x00000081e7800000,0x00000081e7900000)]

Stack: [0x00000081e7800000,0x00000081e7900000]
Native frames: (J=compiled Java code, j=interpreted, Vv=VM code, C=native code)
V  [jvm.dll+0x6993aa]
V  [jvm.dll+0x7f46dd]
V  [jvm.dll+0x7f5fee]
V  [jvm.dll+0x7f66a3]
V  [jvm.dll+0x25cf1f]
V  [jvm.dll+0xb31af]
V  [jvm.dll+0x302c19]
V  [jvm.dll+0x2fb313]
V  [jvm.dll+0x7c3310]
V  [jvm.dll+0x38be61]
V  [jvm.dll+0x7a2023]
V  [jvm.dll+0x40dc3f]
V  [jvm.dll+0x40f611]
C  [jli.dll+0x526b]
C  [ucrtbase.dll+0x26c0c]
C  [KERNEL32.DLL+0x155a0]
C  [ntdll.dll+0x485b]


---------------  P R O C E S S  ---------------

Threads class SMR info:
_java_thread_list=0x00007ff8ae89e550, length=0, elements={
}

Java Threads: ( => current thread )

Other Threads:
  0x000001a6fdef2870 WorkerThread "GC Thread#0" [stack: 0x00000081e7900000,0x00000081e7a00000] [id=101160]

[error occurred during error reporting (printing all threads), id 0xc0000005, EXCEPTION_ACCESS_VIOLATION (0xc0000005) at pc=0x00007ff8ae0c7e40]

VM state: not at safepoint (not fully initialized)

VM Mutex/Monitor currently owned by a thread:  ([mutex/lock_event])
[0x000001a6fde7dc10] Heap_lock - owner thread: 0x000001a6fde81b80

Heap address: 0x0000000703200000, size: 4046 MB, Compressed Oops mode: Zero based, Oop shift amount: 3

CDS archive(s) mapped at: [0x0000000000000000-0x0000000000000000-0x0000000000000000), size 0, SharedBaseAddress: 0x0000000800000000, ArchiveRelocationMode: 0.
Narrow klass base: 0x0000000000000000, Narrow klass shift: 0, Narrow klass range: 0x0

GC Precious Log:
 CardTable entry size: 512
 Card Set container configuration: InlinePtr #cards 4 size 8 Array Of Cards #cards 16 size 48 Howl #buckets 8 coarsen threshold 3686 Howl Bitmap #cards 512 size 80 coarsen threshold 460 Card regions per heap region 1 cards per card region 4096

Heap:
 garbage-first heap   total 0K, used 0K [0x0000000703200000, 0x0000000800000000)
  region size 2048K, 0 young (0K), 0 survivors (0K)

[error occurred during error reporting (printing heap information), id 0xc0000005, EXCEPTION_ACCESS_VIOLATION (0xc0000005) at pc=0x00007ff8ae4b1839]

GC Heap History (0 events):
No events

Deoptimization events (0 events):
No events

Classes loaded (0 events):
No events

Classes unloaded (0 events):
No events

Classes redefined (0 events):
No events

Internal exceptions (0 events):
No events

VM Operations (0 events):
No events

Events (1 events):
Event: 0.009 Loaded shared library C:\Program Files\Java\jdk-18.0.2.1\bin\java.dll


Dynamic libraries:
0x00007ff6d75f0000 - 0x00007ff6d7600000 	C:\Program Files\Java\jdk-18.0.2.1\bin\java.exe
0x00007ff9264a0000 - 0x00007ff9266a9000 	C:\WINDOWS\SYSTEM32\ntdll.dll
0x00007ff925850000 - 0x00007ff92590e000 	C:\WINDOWS\System32\KERNEL32.DLL
0x00007ff923a90000 - 0x00007ff923e0b000 	C:\WINDOWS\System32\KERNELBASE.dll
0x00007ff923e10000 - 0x00007ff923f21000 	C:\WINDOWS\System32\ucrtbase.dll
0x00007ff920720000 - 0x00007ff92073a000 	C:\Program Files\Java\jdk-18.0.2.1\bin\VCRUNTIME140.dll
0x00007ff911600000 - 0x00007ff911618000 	C:\Program Files\Java\jdk-18.0.2.1\bin\jli.dll
0x00007ff926290000 - 0x00007ff92633e000 	C:\WINDOWS\System32\ADVAPI32.dll
0x00007ff9252c0000 - 0x00007ff925363000 	C:\WINDOWS\System32\msvcrt.dll
0x00007ff9248e0000 - 0x00007ff92497e000 	C:\WINDOWS\System32\sechost.dll
0x00007ff924590000 - 0x00007ff9246b0000 	C:\WINDOWS\System32\RPCRT4.dll
0x00007ff925d90000 - 0x00007ff925f3d000 	C:\WINDOWS\System32\USER32.dll
0x00007ff9239f0000 - 0x00007ff923a16000 	C:\WINDOWS\System32\win32u.dll
0x00007ff907c00000 - 0x00007ff907ea5000 	C:\WINDOWS\WinSxS\amd64_microsoft.windows.common-controls_6595b64144ccf1df_6.0.22000.120_none_9d947278b86cc467\COMCTL32.dll
0x00007ff9244c0000 - 0x00007ff9244e9000 	C:\WINDOWS\System32\GDI32.dll
0x00007ff924200000 - 0x00007ff924318000 	C:\WINDOWS\System32\gdi32full.dll
0x00007ff924160000 - 0x00007ff9241fd000 	C:\WINDOWS\System32\msvcp_win.dll
0x00007ff921360000 - 0x00007ff92136a000 	C:\WINDOWS\SYSTEM32\VERSION.dll
0x00007ff924550000 - 0x00007ff924582000 	C:\WINDOWS\System32\IMM32.DLL
0x00007ff920650000 - 0x00007ff92065c000 	C:\Program Files\Java\jdk-18.0.2.1\bin\vcruntime140_1.dll
0x00007ff8db2a0000 - 0x00007ff8db32d000 	C:\Program Files\Java\jdk-18.0.2.1\bin\msvcp140.dll
0x00007ff8addc0000 - 0x00007ff8ae9d1000 	C:\Program Files\Java\jdk-18.0.2.1\bin\server\jvm.dll
0x00007ff926450000 - 0x00007ff926458000 	C:\WINDOWS\System32\PSAPI.DLL
0x00007ff920660000 - 0x00007ff920669000 	C:\WINDOWS\SYSTEM32\WSOCK32.dll
0x00007ff91bbc0000 - 0x00007ff91bbf3000 	C:\WINDOWS\SYSTEM32\WINMM.dll
0x00007ff924870000 - 0x00007ff9248df000 	C:\WINDOWS\System32\WS2_32.dll
0x00007ff922ab0000 - 0x00007ff922ac8000 	C:\WINDOWS\SYSTEM32\kernel.appcore.dll
0x00007ff920420000 - 0x00007ff92042a000 	C:\Program Files\Java\jdk-18.0.2.1\bin\jimage.dll
0x00007ff91ed20000 - 0x00007ff91ef41000 	C:\WINDOWS\SYSTEM32\DBGHELP.DLL
0x00007ff90c9c0000 - 0x00007ff90c9f1000 	C:\WINDOWS\SYSTEM32\dbgcore.DLL
0x00007ff923970000 - 0x00007ff9239ef000 	C:\WINDOWS\System32\bcryptPrimitives.dll
0x00007ff90aac0000 - 0x00007ff90aae5000 	C:\Program Files\Java\jdk-18.0.2.1\bin\java.dll

dbghelp: loaded successfully - version: 4.0.5 - missing functions: none
symbol engine: initialized successfully - sym options: 0x614 - pdb path: .;C:\Program Files\Java\jdk-18.0.2.1\bin;C:\WINDOWS\SYSTEM32;C:\WINDOWS\WinSxS\amd64_microsoft.windows.common-controls_6595b64144ccf1df_6.0.22000.120_none_9d947278b86cc467;C:\Program Files\Java\jdk-18.0.2.1\bin\server

VM Arguments:
jvm_args: -Dfile.encoding=UTF-8 --module-path=C:\Users\prati\OneDrive\Documents\NetBeansProjects\Hotel Management System\build\classes 
java_command: hotel.management.system.SearchRoom
java_class_path (initial): C:\Users\prati\Downloads\mysql-connector-java-8.0.28.jar;C:\Users\prati\Downloads\rs2xml.jar;C:\Users\prati\OneDrive\Documents\NetBeansProjects\Hotel Management System\build\classes
Launcher Type: SUN_STANDARD

[Global flags]
     intx CICompilerCount                          = 4                                         {product} {ergonomic}
     uint ConcGCThreads                            = 2                                         {product} {ergonomic}
     uint G1ConcRefinementThreads                  = 8                                         {product} {ergonomic}
   size_t G1HeapRegionSize                         = 2097152                                   {product} {ergonomic}
    uintx GCDrainStackTargetSize                   = 64                                        {product} {ergonomic}
   size_t InitialHeapSize                          = 266338304                                 {product} {ergonomic}
   size_t MarkStackSize                            = 4194304                                   {product} {ergonomic}
   size_t MaxHeapSize                              = 4242538496                                {product} {ergonomic}
   size_t MinHeapDeltaBytes                        = 2097152                                   {product} {ergonomic}
   size_t MinHeapSize                              = 8388608                                   {product} {ergonomic}
    uintx NonNMethodCodeHeapSize                   = 5839372                                {pd product} {ergonomic}
    uintx NonProfiledCodeHeapSize                  = 122909434                              {pd product} {ergonomic}
    uintx ProfiledCodeHeapSize                     = 122909434                              {pd product} {ergonomic}
    uintx ReservedCodeCacheSize                    = 251658240                              {pd product} {ergonomic}
     bool SegmentedCodeCache                       = true                                      {product} {ergonomic}
   size_t SoftMaxHeapSize                          = 4242538496                             {manageable} {ergonomic}
     bool UseCompressedClassPointers               = true                           {product lp64_product} {ergonomic}
     bool UseCompressedOops                        = true                           {product lp64_product} {ergonomic}
     bool UseG1GC                                  = true                                      {product} {ergonomic}
     bool UseLargePagesIndividualAllocation        = false                                  {pd product} {ergonomic}

Logging:
Log output configuration:
 #0: stdout all=warning uptime,level,tags foldmultilines=false
 #1: stderr all=off uptime,level,tags foldmultilines=false

Environment Variables:
PATH=C:\Program Files\Common Files\Oracle\Java\javapath;C:\Python310\Scripts\;C:\Python310\;C:\WINDOWS\system32;C:\WINDOWS;C:\WINDOWS\System32\Wbem;C:\WINDOWS\System32\WindowsPowerShell\v1.0\;C:\WINDOWS\System32\OpenSSH\;C:\MinGW\bin;C:\Program Files\Java\jdk-18.0.2.1\bin;C:\Program Files\nodejs\;C:\Program Files\MongoDB\Server\6.0\bin;C:\Program Files\dotnet\;C:\Program Files\Microsoft SQL Server\150\Tools\Binn\;C:\Program Files\Microsoft SQL Server\Client SDK\ODBC\170\Tools\Binn\;C:\Program Files (x86)\Microsoft SQL Server\150\Tools\Binn\;C:\Program Files\Microsoft SQL Server\150\DTS\Binn\;C:\Program Files\Azure Data Studio\bin;C:\Program Files\Docker\Docker\resources\bin;C:\Program Files\Apache Software Foundation\Tomcat 9.0\bin;C:\Program Files\Java\jdk-18.0.2.1\bin;C:\Program Files\Apache Software Foundation\Tomcat 9.0\bin;C:\Program Files (x86)\Microsoft SQL Server\150\DTS\Binn\;C:\Program Files\Kubernetes\Minikube;C:\Users\prati\AppData\Local\Microsoft\WindowsApps;C:\Users\prati\AppData\Local\Programs\Microsoft VS Code\bin;C:\Users\prati\AppData\Local\JetBrains\IntelliJ IDEA Community Edition 2022.2.2\bin;;C:\Users\prati\AppData\Roaming\npm;C:\Users\prati\AppData\Local\Programs\Git\cmd;C:\Users\prati\AppData\Local\GitHubDesktop\bin
USERNAME=prati
OS=Windows_NT
PROCESSOR_IDENTIFIER=Intel64 Family 6 Model 140 Stepping 1, GenuineIntel



---------------  S Y S T E M  ---------------

OS:
 Windows 11 , 64 bit Build 22000 (10.0.22000.1335)
OS uptime: 33 days 22:56 hours
Hyper-V role detected

CPU: total 8 (initial active 8) (4 cores per cpu, 2 threads per core) family 6 model 140 stepping 1 microcode 0x8a, cx8, cmov, fxsr, ht, mmx, 3dnowpref, sse, sse2, sse3, ssse3, sse4.1, sse4.2, popcnt, lzcnt, tsc, tscinvbit, avx, avx2, aes, erms, clmul, bmi1, bmi2, adx, avx512f, avx512dq, avx512cd, avx512bw, avx512vl, sha, fma, vzeroupper, avx512_vpopcntdq, avx512_vpclmulqdq, avx512_vaes, avx512_vnni, clflush, clflushopt, clwb, avx512_vbmi2, avx512_vbmi, hv

Memory: 4k page, system-wide physical 16183M (1299M free)
TotalPageFile size 40596M (AvailPageFile size 5M)
current process WorkingSet (physical memory assigned to process): 11M, peak: 11M
current process commit charge ("private bytes"): 53M, peak: 54M

vm_info: Java HotSpot(TM) 64-Bit Server VM (18.0.2.1+1-1) for windows-amd64 JRE (18.0.2.1+1-1), built on Aug 16 2022 01:46:33 by "mach5one" with MS VC++ 16.8 / 16.9 (VS2019)

END.
