#
# There is insufficient memory for the Java Runtime Environment to continue.
# Native memory allocation (malloc) failed to allocate 32744 bytes for Chunk::new
# Possible reasons:
#   The system is out of physical RAM or swap space
#   The process is running with CompressedOops enabled, and the Java Heap may be blocking the growth of the native heap
# Possible solutions:
#   Reduce memory load on the system
#   Increase physical memory or swap space
#   Check if swap backing store is full
#   Decrease Java heap size (-Xmx/-Xms)
#   Decrease number of Java threads
#   Decrease Java thread stack sizes (-Xss)
#   Set larger code cache with -XX:ReservedCodeCacheSize=
#   JVM is running with Zero Based Compressed Oops mode in which the Java heap is
#     placed in the first 32GB address space. The Java Heap base address is the
#     maximum limit for the native heap growth. Please use -XX:HeapBaseMinAddress
#     to set the Java Heap base and to place the Java Heap above 32GB virtual address.
# This output file may be truncated or incomplete.
#
#  Out of Memory Error (arena.cpp:184), pid=31264, tid=26036
#
# JRE version: Java(TM) SE Runtime Environment (18.0.2.1+1) (build 18.0.2.1+1-1)
# Java VM: Java HotSpot(TM) 64-Bit Server VM (18.0.2.1+1-1, mixed mode, sharing, tiered, compressed oops, compressed class ptrs, g1 gc, windows-amd64)
# No core dump will be written. Minidumps are not enabled by default on client versions of Windows
#

---------------  S U M M A R Y ------------

Command Line: -Dfile.encoding=UTF-8 --module-path=C:\Users\prati\OneDrive\Documents\NetBeansProjects\Hotel Management System\build\classes hotel.management.system.Checkout

Host: 11th Gen Intel(R) Core(TM) i5-1135G7 @ 2.40GHz, 8 cores, 15G,  Windows 11 , 64 bit Build 22000 (10.0.22000.1335)
Time: Mon Mar 13 11:17:59 2023 India Standard Time elapsed time: 151665.262214 seconds (1d 18h 7m 45s)

---------------  T H R E A D  ---------------

Current thread (0x0000026e41a92a60):  JavaThread "C2 CompilerThread0" daemon [_thread_in_native, id=26036, stack(0x00000081f9300000,0x00000081f9400000)]


Current CompileTask:
C2:151665262 1802   !   4       jdk.internal.loader.BuiltinClassLoader::findResource (154 bytes)

Stack: [0x00000081f9300000,0x00000081f9400000]
Native frames: (J=compiled Java code, j=interpreted, Vv=VM code, C=native code)
V  [jvm.dll+0x6993aa]
V  [jvm.dll+0x7f46dd]
V  [jvm.dll+0x7f5fee]
V  [jvm.dll+0x7f66a3]
V  [jvm.dll+0x25cf1f]
V  [jvm.dll+0xb8c2f]
V  [jvm.dll+0xb8fa5]
V  [jvm.dll+0x63b8c3]
V  [jvm.dll+0x369a85]
V  [jvm.dll+0x36a794]
V  [jvm.dll+0x3668fc]
V  [jvm.dll+0x36c0ba]
V  [jvm.dll+0x6ac726]
V  [jvm.dll+0x6ade17]
V  [jvm.dll+0x6b1661]
V  [jvm.dll+0x6a976b]
V  [jvm.dll+0x6a8da5]
V  [jvm.dll+0x6a6c5b]
V  [jvm.dll+0x1bd20c]
V  [jvm.dll+0x1bddd6]
V  [jvm.dll+0x2c7038]
V  [jvm.dll+0x6b1688]
V  [jvm.dll+0x6a976b]
V  [jvm.dll+0x6a8da5]
V  [jvm.dll+0x6a6c5b]
V  [jvm.dll+0x1bd20c]
V  [jvm.dll+0x2c7038]
V  [jvm.dll+0x6b1688]
V  [jvm.dll+0x6a976b]
V  [jvm.dll+0x6a8da5]
V  [jvm.dll+0x6a6c5b]
V  [jvm.dll+0x1bd20c]
V  [jvm.dll+0x1bddd6]
V  [jvm.dll+0x1bddd6]
V  [jvm.dll+0x2c7038]
V  [jvm.dll+0x6b1688]
V  [jvm.dll+0x6a976b]
V  [jvm.dll+0x6a8da5]
V  [jvm.dll+0x6a6c5b]
V  [jvm.dll+0x1bd20c]
V  [jvm.dll+0x1bddd6]
V  [jvm.dll+0x2c7038]
V  [jvm.dll+0x6b1688]
V  [jvm.dll+0x6a976b]
V  [jvm.dll+0x6a8da5]
V  [jvm.dll+0x6a6c5b]
V  [jvm.dll+0x1bd20c]
V  [jvm.dll+0x1bddd6]
V  [jvm.dll+0x2c7038]
V  [jvm.dll+0x6b1688]
V  [jvm.dll+0x6a976b]
V  [jvm.dll+0x6a8da5]
V  [jvm.dll+0x6a6c5b]
V  [jvm.dll+0x1bd20c]
V  [jvm.dll+0x1bddd6]
V  [jvm.dll+0x1bddd6]
V  [jvm.dll+0x2c7038]
V  [jvm.dll+0x6b1688]
V  [jvm.dll+0x6a976b]
V  [jvm.dll+0x6a8da5]
V  [jvm.dll+0x6a6c5b]
V  [jvm.dll+0x1bd20c]
V  [jvm.dll+0x1bddd6]
V  [jvm.dll+0x2c7038]
V  [jvm.dll+0x6b1688]
V  [jvm.dll+0x6a976b]
V  [jvm.dll+0x6a8da5]
V  [jvm.dll+0x6a6c5b]
V  [jvm.dll+0x1bd20c]
V  [jvm.dll+0x1bddd6]
V  [jvm.dll+0x2c7038]
V  [jvm.dll+0x6b1688]
V  [jvm.dll+0x6a976b]
V  [jvm.dll+0x6a8da5]
V  [jvm.dll+0x6a6c5b]
V  [jvm.dll+0x1bd20c]
V  [jvm.dll+0x22f098]
V  [jvm.dll+0x1ba01c]
V  [jvm.dll+0x23ee0a]
V  [jvm.dll+0x23d0f5]
V  [jvm.dll+0x7a6dd1]
V  [jvm.dll+0x7a120a]
V  [jvm.dll+0x698255]
C  [ucrtbase.dll+0x26c0c]
C  [KERNEL32.DLL+0x155a0]
C  [ntdll.dll+0x485b]


---------------  P R O C E S S  ---------------

Threads class SMR info:
_java_thread_list=0x0000026e47109eb0, length=17, elements={
0x0000026e41a72560, 0x0000026e41a72f00, 0x0000026e41a8c090, 0x0000026e41a8ca30,
0x0000026e41a8f3e0, 0x0000026e41a8fd80, 0x0000026e41a92a60, 0x0000026e41a93440,
0x0000026e41a93e20, 0x0000026e41a5cde0, 0x0000026e45e18100, 0x0000026e45f5e2d0,
0x0000026e45f5e870, 0x0000026e45f50cd0, 0x0000026e460c4b70, 0x0000026e4705a130,
0x0000026e1ce23ec0
}

Java Threads: ( => current thread )
  0x0000026e41a72560 JavaThread "Reference Handler" daemon [_thread_blocked, id=24904, stack(0x00000081f8d00000,0x00000081f8e00000)]
  0x0000026e41a72f00 JavaThread "Finalizer" daemon [_thread_blocked, id=29208, stack(0x00000081f8e00000,0x00000081f8f00000)]
  0x0000026e41a8c090 JavaThread "Signal Dispatcher" daemon [_thread_blocked, id=9932, stack(0x00000081f8f00000,0x00000081f9000000)]
  0x0000026e41a8ca30 JavaThread "Attach Listener" daemon [_thread_blocked, id=5660, stack(0x00000081f9000000,0x00000081f9100000)]
  0x0000026e41a8f3e0 JavaThread "Service Thread" daemon [_thread_blocked, id=9644, stack(0x00000081f9100000,0x00000081f9200000)]
  0x0000026e41a8fd80 JavaThread "Monitor Deflation Thread" daemon [_thread_blocked, id=18356, stack(0x00000081f9200000,0x00000081f9300000)]
=>0x0000026e41a92a60 JavaThread "C2 CompilerThread0" daemon [_thread_in_native, id=26036, stack(0x00000081f9300000,0x00000081f9400000)]
  0x0000026e41a93440 JavaThread "C1 CompilerThread0" daemon [_thread_blocked, id=27840, stack(0x00000081f9400000,0x00000081f9500000)]
  0x0000026e41a93e20 JavaThread "Sweeper thread" daemon [_thread_blocked, id=9304, stack(0x00000081f9500000,0x00000081f9600000)]
  0x0000026e41a5cde0 JavaThread "Common-Cleaner" daemon [_thread_blocked, id=8248, stack(0x00000081f9600000,0x00000081f9700000)]
  0x0000026e45e18100 JavaThread "Notification Thread" daemon [_thread_blocked, id=18560, stack(0x00000081f9700000,0x00000081f9800000)]
  0x0000026e45f5e2d0 JavaThread "Java2D Disposer" daemon [_thread_blocked, id=3908, stack(0x00000081f9a00000,0x00000081f9b00000)]
  0x0000026e45f5e870 JavaThread "AWT-Shutdown" [_thread_blocked, id=1056, stack(0x00000081f9b00000,0x00000081f9c00000)]
  0x0000026e45f50cd0 JavaThread "AWT-Windows" daemon [_thread_in_native, id=22048, stack(0x00000081f9c00000,0x00000081f9d00000)]
  0x0000026e460c4b70 JavaThread "mysql-cj-abandoned-connection-cleanup" daemon [_thread_blocked, id=28516, stack(0x00000081f9d00000,0x00000081f9e00000)]
  0x0000026e4705a130 JavaThread "AWT-EventQueue-0" [_thread_blocked, id=28216, stack(0x00000081fa000000,0x00000081fa100000)]
  0x0000026e1ce23ec0 JavaThread "DestroyJavaVM" [_thread_blocked, id=6472, stack(0x00000081f8600000,0x00000081f8700000)]

Other Threads:
  0x0000026e1ceabd60 VMThread "VM Thread" [stack: 0x00000081f8c00000,0x00000081f8d00000] [id=9004]
  0x0000026e45e18bd0 WatcherThread "VM Periodic Task Thread" [stack: 0x00000081f9800000,0x00000081f9900000] [id=28068]
  0x0000026e1ce948b0 WorkerThread "GC Thread#0" [stack: 0x00000081f8700000,0x00000081f8800000] [id=1332]
  0x0000026e4705aca0 WorkerThread "GC Thread#1" [stack: 0x00000081fa100000,0x00000081fa200000] [id=11672]
  0x0000026e471c88f0 WorkerThread "GC Thread#2" [stack: 0x00000081fa200000,0x00000081fa300000] [id=18716]
  0x0000026e471c8b90 WorkerThread "GC Thread#3" [stack: 0x00000081fa300000,0x00000081fa400000] [id=22768]
  0x0000026e470587d0 WorkerThread "GC Thread#4" [stack: 0x00000081fa400000,0x00000081fa500000] [id=19748]
  0x0000026e47058e80 WorkerThread "GC Thread#5" [stack: 0x00000081fa500000,0x00000081fa600000] [id=108]
  0x0000026e47059120 WorkerThread "GC Thread#6" [stack: 0x00000081fa600000,0x00000081fa700000] [id=25868]
  0x0000026e471e5b10 WorkerThread "GC Thread#7" [stack: 0x00000081fa700000,0x00000081fa800000] [id=26880]
  0x0000026e1cea53b0 ConcurrentGCThread "G1 Main Marker" [stack: 0x00000081f8800000,0x00000081f8900000] [id=9000]
  0x0000026e1cea5e00 WorkerThread "G1 Conc#0" [stack: 0x00000081f8900000,0x00000081f8a00000] [id=7164]
  0x0000026e419260b0 ConcurrentGCThread "G1 Refine#0" [stack: 0x00000081f8a00000,0x00000081f8b00000] [id=30084]
  0x0000026e45e37820 ConcurrentGCThread "G1 Refine#1" [stack: 0x00000081fa800000,0x00000081fa900000] [id=28656]
  0x0000026e419269c0 ConcurrentGCThread "G1 Service" [stack: 0x00000081f8b00000,0x00000081f8c00000] [id=29112]

Threads with active compile tasks:
C2 CompilerThread0  151665310 1802   !   4       jdk.internal.loader.BuiltinClassLoader::findResource (154 bytes)

VM state: not at safepoint (normal execution)

VM Mutex/Monitor currently owned by a thread: None

Heap address: 0x0000000703200000, size: 4046 MB, Compressed Oops mode: Zero based, Oop shift amount: 3

CDS archive(s) mapped at: [0x0000000800000000-0x0000000800ba0000-0x0000000800ba0000), size 12189696, SharedBaseAddress: 0x0000000800000000, ArchiveRelocationMode: 0.
Compressed class space mapped at: 0x0000000800c00000-0x0000000840c00000, reserved size: 1073741824
Narrow klass base: 0x0000000800000000, Narrow klass shift: 0, Narrow klass range: 0x100000000

GC Precious Log:
 CardTable entry size: 512
 Card Set container configuration: InlinePtr #cards 4 size 8 Array Of Cards #cards 16 size 48 Howl #buckets 8 coarsen threshold 3686 Howl Bitmap #cards 512 size 80 coarsen threshold 460 Card regions per heap region 1 cards per card region 4096
 CPUs: 8 total, 8 available
 Memory: 16183M
 Large Page Support: Disabled
 NUMA Support: Disabled
 Compressed Oops: Enabled (Zero based)
 Heap Region Size: 2M
 Heap Min Capacity: 8M
 Heap Initial Capacity: 254M
 Heap Max Capacity: 4046M
 Pre-touch: Disabled
 Parallel Workers: 8
 Concurrent Workers: 2
 Concurrent Refinement Workers: 8
 Periodic GC: Disabled

Heap:
 garbage-first heap   total 260096K, used 9619K [0x0000000703200000, 0x0000000800000000)
  region size 2048K, 4 young (8192K), 2 survivors (4096K)
 Metaspace       used 15864K, committed 16128K, reserved 1114112K
  class space    used 1708K, committed 1856K, reserved 1048576K

Heap Regions: E=young(eden), S=young(survivor), O=old, HS=humongous(starts), HC=humongous(continues), CS=collection set, F=free, OA=open archive, CA=closed archive, TAMS=top-at-mark-start (previous, next)
|   0|0x0000000703200000, 0x0000000703364e00, 0x0000000703400000| 69%| O|  |TAMS 0x0000000703200000, 0x0000000703200000| Untracked 
|   1|0x0000000703400000, 0x0000000703600000, 0x0000000703600000|100%|HS|  |TAMS 0x0000000703400000, 0x0000000703400000| Complete 
|   2|0x0000000703600000, 0x0000000703600000, 0x0000000703800000|  0%| F|  |TAMS 0x0000000703600000, 0x0000000703600000| Untracked 
|   3|0x0000000703800000, 0x0000000703800000, 0x0000000703a00000|  0%| F|  |TAMS 0x0000000703800000, 0x0000000703800000| Untracked 
|   4|0x0000000703a00000, 0x0000000703a00000, 0x0000000703c00000|  0%| F|  |TAMS 0x0000000703a00000, 0x0000000703a00000| Untracked 
|   5|0x0000000703c00000, 0x0000000703c00000, 0x0000000703e00000|  0%| F|  |TAMS 0x0000000703c00000, 0x0000000703c00000| Untracked 
|   6|0x0000000703e00000, 0x0000000703e00000, 0x0000000704000000|  0%| F|  |TAMS 0x0000000703e00000, 0x0000000703e00000| Untracked 
|   7|0x0000000704000000, 0x0000000704000000, 0x0000000704200000|  0%| F|  |TAMS 0x0000000704000000, 0x0000000704000000| Untracked 
|   8|0x0000000704200000, 0x0000000704200000, 0x0000000704400000|  0%| F|  |TAMS 0x0000000704200000, 0x0000000704200000| Untracked 
|   9|0x0000000704400000, 0x0000000704400000, 0x0000000704600000|  0%| F|  |TAMS 0x0000000704400000, 0x0000000704400000| Untracked 
|  10|0x0000000704600000, 0x0000000704600000, 0x0000000704800000|  0%| F|  |TAMS 0x0000000704600000, 0x0000000704600000| Untracked 
|  11|0x0000000704800000, 0x0000000704800000, 0x0000000704a00000|  0%| F|  |TAMS 0x0000000704800000, 0x0000000704800000| Untracked 
|  12|0x0000000704a00000, 0x0000000704a00000, 0x0000000704c00000|  0%| F|  |TAMS 0x0000000704a00000, 0x0000000704a00000| Untracked 
|  13|0x0000000704c00000, 0x0000000704c00000, 0x0000000704e00000|  0%| F|  |TAMS 0x0000000704c00000, 0x0000000704c00000| Untracked 
|  14|0x0000000704e00000, 0x0000000704e00000, 0x0000000705000000|  0%| F|  |TAMS 0x0000000704e00000, 0x0000000704e00000| Untracked 
|  15|0x0000000705000000, 0x0000000705000000, 0x0000000705200000|  0%| F|  |TAMS 0x0000000705000000, 0x0000000705000000| Untracked 
|  16|0x0000000705200000, 0x0000000705200000, 0x0000000705400000|  0%| F|  |TAMS 0x0000000705200000, 0x0000000705200000| Untracked 
|  17|0x0000000705400000, 0x0000000705400000, 0x0000000705600000|  0%| F|  |TAMS 0x0000000705400000, 0x0000000705400000| Untracked 
|  18|0x0000000705600000, 0x0000000705600000, 0x0000000705800000|  0%| F|  |TAMS 0x0000000705600000, 0x0000000705600000| Untracked 
|  19|0x0000000705800000, 0x0000000705800000, 0x0000000705a00000|  0%| F|  |TAMS 0x0000000705800000, 0x0000000705800000| Untracked 
|  20|0x0000000705a00000, 0x0000000705a00000, 0x0000000705c00000|  0%| F|  |TAMS 0x0000000705a00000, 0x0000000705a00000| Untracked 
|  21|0x0000000705c00000, 0x0000000705c00000, 0x0000000705e00000|  0%| F|  |TAMS 0x0000000705c00000, 0x0000000705c00000| Untracked 
|  22|0x0000000705e00000, 0x0000000705e00000, 0x0000000706000000|  0%| F|  |TAMS 0x0000000705e00000, 0x0000000705e00000| Untracked 
|  23|0x0000000706000000, 0x0000000706000000, 0x0000000706200000|  0%| F|  |TAMS 0x0000000706000000, 0x0000000706000000| Untracked 
|  24|0x0000000706200000, 0x0000000706200000, 0x0000000706400000|  0%| F|  |TAMS 0x0000000706200000, 0x0000000706200000| Untracked 
|  25|0x0000000706400000, 0x0000000706400000, 0x0000000706600000|  0%| F|  |TAMS 0x0000000706400000, 0x0000000706400000| Untracked 
|  26|0x0000000706600000, 0x0000000706600000, 0x0000000706800000|  0%| F|  |TAMS 0x0000000706600000, 0x0000000706600000| Untracked 
|  27|0x0000000706800000, 0x0000000706800000, 0x0000000706a00000|  0%| F|  |TAMS 0x0000000706800000, 0x0000000706800000| Untracked 
|  28|0x0000000706a00000, 0x0000000706a00000, 0x0000000706c00000|  0%| F|  |TAMS 0x0000000706a00000, 0x0000000706a00000| Untracked 
|  29|0x0000000706c00000, 0x0000000706c00000, 0x0000000706e00000|  0%| F|  |TAMS 0x0000000706c00000, 0x0000000706c00000| Untracked 
|  30|0x0000000706e00000, 0x0000000706e00000, 0x0000000707000000|  0%| F|  |TAMS 0x0000000706e00000, 0x0000000706e00000| Untracked 
|  31|0x0000000707000000, 0x0000000707000000, 0x0000000707200000|  0%| F|  |TAMS 0x0000000707000000, 0x0000000707000000| Untracked 
|  32|0x0000000707200000, 0x0000000707200000, 0x0000000707400000|  0%| F|  |TAMS 0x0000000707200000, 0x0000000707200000| Untracked 
|  33|0x0000000707400000, 0x0000000707400000, 0x0000000707600000|  0%| F|  |TAMS 0x0000000707400000, 0x0000000707400000| Untracked 
|  34|0x0000000707600000, 0x0000000707600000, 0x0000000707800000|  0%| F|  |TAMS 0x0000000707600000, 0x0000000707600000| Untracked 
|  35|0x0000000707800000, 0x0000000707800000, 0x0000000707a00000|  0%| F|  |TAMS 0x0000000707800000, 0x0000000707800000| Untracked 
|  36|0x0000000707a00000, 0x0000000707a00000, 0x0000000707c00000|  0%| F|  |TAMS 0x0000000707a00000, 0x0000000707a00000| Untracked 
|  37|0x0000000707c00000, 0x0000000707c00000, 0x0000000707e00000|  0%| F|  |TAMS 0x0000000707c00000, 0x0000000707c00000| Untracked 
|  38|0x0000000707e00000, 0x0000000707e00000, 0x0000000708000000|  0%| F|  |TAMS 0x0000000707e00000, 0x0000000707e00000| Untracked 
|  39|0x0000000708000000, 0x0000000708000000, 0x0000000708200000|  0%| F|  |TAMS 0x0000000708000000, 0x0000000708000000| Untracked 
|  40|0x0000000708200000, 0x0000000708200000, 0x0000000708400000|  0%| F|  |TAMS 0x0000000708200000, 0x0000000708200000| Untracked 
|  41|0x0000000708400000, 0x0000000708400000, 0x0000000708600000|  0%| F|  |TAMS 0x0000000708400000, 0x0000000708400000| Untracked 
|  42|0x0000000708600000, 0x0000000708600000, 0x0000000708800000|  0%| F|  |TAMS 0x0000000708600000, 0x0000000708600000| Untracked 
|  43|0x0000000708800000, 0x0000000708800000, 0x0000000708a00000|  0%| F|  |TAMS 0x0000000708800000, 0x0000000708800000| Untracked 
|  44|0x0000000708a00000, 0x0000000708a00000, 0x0000000708c00000|  0%| F|  |TAMS 0x0000000708a00000, 0x0000000708a00000| Untracked 
|  45|0x0000000708c00000, 0x0000000708c00000, 0x0000000708e00000|  0%| F|  |TAMS 0x0000000708c00000, 0x0000000708c00000| Untracked 
|  46|0x0000000708e00000, 0x0000000708e00000, 0x0000000709000000|  0%| F|  |TAMS 0x0000000708e00000, 0x0000000708e00000| Untracked 
|  47|0x0000000709000000, 0x0000000709000000, 0x0000000709200000|  0%| F|  |TAMS 0x0000000709000000, 0x0000000709000000| Untracked 
|  48|0x0000000709200000, 0x0000000709200000, 0x0000000709400000|  0%| F|  |TAMS 0x0000000709200000, 0x0000000709200000| Untracked 
|  49|0x0000000709400000, 0x0000000709400000, 0x0000000709600000|  0%| F|  |TAMS 0x0000000709400000, 0x0000000709400000| Untracked 
|  50|0x0000000709600000, 0x0000000709600000, 0x0000000709800000|  0%| F|  |TAMS 0x0000000709600000, 0x0000000709600000| Untracked 
|  51|0x0000000709800000, 0x0000000709800000, 0x0000000709a00000|  0%| F|  |TAMS 0x0000000709800000, 0x0000000709800000| Untracked 
|  52|0x0000000709a00000, 0x0000000709a00000, 0x0000000709c00000|  0%| F|  |TAMS 0x0000000709a00000, 0x0000000709a00000| Untracked 
|  53|0x0000000709c00000, 0x0000000709c00000, 0x0000000709e00000|  0%| F|  |TAMS 0x0000000709c00000, 0x0000000709c00000| Untracked 
|  54|0x0000000709e00000, 0x0000000709e00000, 0x000000070a000000|  0%| F|  |TAMS 0x0000000709e00000, 0x0000000709e00000| Untracked 
|  55|0x000000070a000000, 0x000000070a000000, 0x000000070a200000|  0%| F|  |TAMS 0x000000070a000000, 0x000000070a000000| Untracked 
|  56|0x000000070a200000, 0x000000070a200000, 0x000000070a400000|  0%| F|  |TAMS 0x000000070a200000, 0x000000070a200000| Untracked 
|  57|0x000000070a400000, 0x000000070a400000, 0x000000070a600000|  0%| F|  |TAMS 0x000000070a400000, 0x000000070a400000| Untracked 
|  58|0x000000070a600000, 0x000000070a600000, 0x000000070a800000|  0%| F|  |TAMS 0x000000070a600000, 0x000000070a600000| Untracked 
|  59|0x000000070a800000, 0x000000070a800000, 0x000000070aa00000|  0%| F|  |TAMS 0x000000070a800000, 0x000000070a800000| Untracked 
|  60|0x000000070aa00000, 0x000000070aa00000, 0x000000070ac00000|  0%| F|  |TAMS 0x000000070aa00000, 0x000000070aa00000| Untracked 
|  61|0x000000070ac00000, 0x000000070ac00000, 0x000000070ae00000|  0%| F|  |TAMS 0x000000070ac00000, 0x000000070ac00000| Untracked 
|  62|0x000000070ae00000, 0x000000070ae00000, 0x000000070b000000|  0%| F|  |TAMS 0x000000070ae00000, 0x000000070ae00000| Untracked 
|  63|0x000000070b000000, 0x000000070b000000, 0x000000070b200000|  0%| F|  |TAMS 0x000000070b000000, 0x000000070b000000| Untracked 
|  64|0x000000070b200000, 0x000000070b200000, 0x000000070b400000|  0%| F|  |TAMS 0x000000070b200000, 0x000000070b200000| Untracked 
|  65|0x000000070b400000, 0x000000070b400000, 0x000000070b600000|  0%| F|  |TAMS 0x000000070b400000, 0x000000070b400000| Untracked 
|  66|0x000000070b600000, 0x000000070b600000, 0x000000070b800000|  0%| F|  |TAMS 0x000000070b600000, 0x000000070b600000| Untracked 
|  67|0x000000070b800000, 0x000000070b800000, 0x000000070ba00000|  0%| F|  |TAMS 0x000000070b800000, 0x000000070b800000| Untracked 
|  68|0x000000070ba00000, 0x000000070ba00000, 0x000000070bc00000|  0%| F|  |TAMS 0x000000070ba00000, 0x000000070ba00000| Untracked 
|  69|0x000000070bc00000, 0x000000070bc00000, 0x000000070be00000|  0%| F|  |TAMS 0x000000070bc00000, 0x000000070bc00000| Untracked 
|  70|0x000000070be00000, 0x000000070be00000, 0x000000070c000000|  0%| F|  |TAMS 0x000000070be00000, 0x000000070be00000| Untracked 
|  71|0x000000070c000000, 0x000000070c000000, 0x000000070c200000|  0%| F|  |TAMS 0x000000070c000000, 0x000000070c000000| Untracked 
|  72|0x000000070c200000, 0x000000070c200000, 0x000000070c400000|  0%| F|  |TAMS 0x000000070c200000, 0x000000070c200000| Untracked 
|  73|0x000000070c400000, 0x000000070c400000, 0x000000070c600000|  0%| F|  |TAMS 0x000000070c400000, 0x000000070c400000| Untracked 
|  74|0x000000070c600000, 0x000000070c600000, 0x000000070c800000|  0%| F|  |TAMS 0x000000070c600000, 0x000000070c600000| Untracked 
|  75|0x000000070c800000, 0x000000070c800000, 0x000000070ca00000|  0%| F|  |TAMS 0x000000070c800000, 0x000000070c800000| Untracked 
|  76|0x000000070ca00000, 0x000000070ca00000, 0x000000070cc00000|  0%| F|  |TAMS 0x000000070ca00000, 0x000000070ca00000| Untracked 
|  77|0x000000070cc00000, 0x000000070cc00000, 0x000000070ce00000|  0%| F|  |TAMS 0x000000070cc00000, 0x000000070cc00000| Untracked 
|  78|0x000000070ce00000, 0x000000070ce00000, 0x000000070d000000|  0%| F|  |TAMS 0x000000070ce00000, 0x000000070ce00000| Untracked 
|  79|0x000000070d000000, 0x000000070d000000, 0x000000070d200000|  0%| F|  |TAMS 0x000000070d000000, 0x000000070d000000| Untracked 
|  80|0x000000070d200000, 0x000000070d200000, 0x000000070d400000|  0%| F|  |TAMS 0x000000070d200000, 0x000000070d200000| Untracked 
|  81|0x000000070d400000, 0x000000070d400000, 0x000000070d600000|  0%| F|  |TAMS 0x000000070d400000, 0x000000070d400000| Untracked 
|  82|0x000000070d600000, 0x000000070d600000, 0x000000070d800000|  0%| F|  |TAMS 0x000000070d600000, 0x000000070d600000| Untracked 
|  83|0x000000070d800000, 0x000000070d800000, 0x000000070da00000|  0%| F|  |TAMS 0x000000070d800000, 0x000000070d800000| Untracked 
|  84|0x000000070da00000, 0x000000070da00000, 0x000000070dc00000|  0%| F|  |TAMS 0x000000070da00000, 0x000000070da00000| Untracked 
|  85|0x000000070dc00000, 0x000000070dc00000, 0x000000070de00000|  0%| F|  |TAMS 0x000000070dc00000, 0x000000070dc00000| Untracked 
|  86|0x000000070de00000, 0x000000070de00000, 0x000000070e000000|  0%| F|  |TAMS 0x000000070de00000, 0x000000070de00000| Untracked 
|  87|0x000000070e000000, 0x000000070e000000, 0x000000070e200000|  0%| F|  |TAMS 0x000000070e000000, 0x000000070e000000| Untracked 
|  88|0x000000070e200000, 0x000000070e200000, 0x000000070e400000|  0%| F|  |TAMS 0x000000070e200000, 0x000000070e200000| Untracked 
|  89|0x000000070e400000, 0x000000070e400000, 0x000000070e600000|  0%| F|  |TAMS 0x000000070e400000, 0x000000070e400000| Untracked 
|  90|0x000000070e600000, 0x000000070e600000, 0x000000070e800000|  0%| F|  |TAMS 0x000000070e600000, 0x000000070e600000| Untracked 
|  91|0x000000070e800000, 0x000000070e800000, 0x000000070ea00000|  0%| F|  |TAMS 0x000000070e800000, 0x000000070e800000| Untracked 
|  92|0x000000070ea00000, 0x000000070ea00000, 0x000000070ec00000|  0%| F|  |TAMS 0x000000070ea00000, 0x000000070ea00000| Untracked 
|  93|0x000000070ec00000, 0x000000070ec00000, 0x000000070ee00000|  0%| F|  |TAMS 0x000000070ec00000, 0x000000070ec00000| Untracked 
|  94|0x000000070ee00000, 0x000000070ee00000, 0x000000070f000000|  0%| F|  |TAMS 0x000000070ee00000, 0x000000070ee00000| Untracked 
|  95|0x000000070f000000, 0x000000070f000000, 0x000000070f200000|  0%| F|  |TAMS 0x000000070f000000, 0x000000070f000000| Untracked 
|  96|0x000000070f200000, 0x000000070f200000, 0x000000070f400000|  0%| F|  |TAMS 0x000000070f200000, 0x000000070f200000| Untracked 
|  97|0x000000070f400000, 0x000000070f400000, 0x000000070f600000|  0%| F|  |TAMS 0x000000070f400000, 0x000000070f400000| Untracked 
|  98|0x000000070f600000, 0x000000070f600000, 0x000000070f800000|  0%| F|  |TAMS 0x000000070f600000, 0x000000070f600000| Untracked 
|  99|0x000000070f800000, 0x000000070f800000, 0x000000070fa00000|  0%| F|  |TAMS 0x000000070f800000, 0x000000070f800000| Untracked 
| 100|0x000000070fa00000, 0x000000070fa00000, 0x000000070fc00000|  0%| F|  |TAMS 0x000000070fa00000, 0x000000070fa00000| Untracked 
| 101|0x000000070fc00000, 0x000000070fc00000, 0x000000070fe00000|  0%| F|  |TAMS 0x000000070fc00000, 0x000000070fc00000| Untracked 
| 102|0x000000070fe00000, 0x000000070fe00000, 0x0000000710000000|  0%| F|  |TAMS 0x000000070fe00000, 0x000000070fe00000| Untracked 
| 103|0x0000000710000000, 0x0000000710000000, 0x0000000710200000|  0%| F|  |TAMS 0x0000000710000000, 0x0000000710000000| Untracked 
| 104|0x0000000710200000, 0x0000000710200000, 0x0000000710400000|  0%| F|  |TAMS 0x0000000710200000, 0x0000000710200000| Untracked 
| 105|0x0000000710400000, 0x0000000710400000, 0x0000000710600000|  0%| F|  |TAMS 0x0000000710400000, 0x0000000710400000| Untracked 
| 106|0x0000000710600000, 0x0000000710600000, 0x0000000710800000|  0%| F|  |TAMS 0x0000000710600000, 0x0000000710600000| Untracked 
| 107|0x0000000710800000, 0x0000000710800000, 0x0000000710a00000|  0%| F|  |TAMS 0x0000000710800000, 0x0000000710800000| Untracked 
| 108|0x0000000710a00000, 0x0000000710a00000, 0x0000000710c00000|  0%| F|  |TAMS 0x0000000710a00000, 0x0000000710a00000| Untracked 
| 109|0x0000000710c00000, 0x0000000710c00000, 0x0000000710e00000|  0%| F|  |TAMS 0x0000000710c00000, 0x0000000710c00000| Untracked 
| 110|0x0000000710e00000, 0x0000000710e00000, 0x0000000711000000|  0%| F|  |TAMS 0x0000000710e00000, 0x0000000710e00000| Untracked 
| 111|0x0000000711000000, 0x0000000711000000, 0x0000000711200000|  0%| F|  |TAMS 0x0000000711000000, 0x0000000711000000| Untracked 
| 112|0x0000000711200000, 0x0000000711200000, 0x0000000711400000|  0%| F|  |TAMS 0x0000000711200000, 0x0000000711200000| Untracked 
| 113|0x0000000711400000, 0x0000000711400000, 0x0000000711600000|  0%| F|  |TAMS 0x0000000711400000, 0x0000000711400000| Untracked 
| 114|0x0000000711600000, 0x0000000711800000, 0x0000000711800000|100%| S|CS|TAMS 0x0000000711600000, 0x0000000711600000| Complete 
| 115|0x0000000711800000, 0x0000000711a00000, 0x0000000711a00000|100%| S|CS|TAMS 0x0000000711800000, 0x0000000711800000| Complete 
| 116|0x0000000711a00000, 0x0000000711a00000, 0x0000000711c00000|  0%| F|  |TAMS 0x0000000711a00000, 0x0000000711a00000| Untracked 
| 117|0x0000000711c00000, 0x0000000711c00000, 0x0000000711e00000|  0%| F|  |TAMS 0x0000000711c00000, 0x0000000711c00000| Untracked 
| 118|0x0000000711e00000, 0x0000000711e00000, 0x0000000712000000|  0%| F|  |TAMS 0x0000000711e00000, 0x0000000711e00000| Untracked 
| 119|0x0000000712000000, 0x0000000712000000, 0x0000000712200000|  0%| F|  |TAMS 0x0000000712000000, 0x0000000712000000| Untracked 
| 120|0x0000000712200000, 0x0000000712200000, 0x0000000712400000|  0%| F|  |TAMS 0x0000000712200000, 0x0000000712200000| Untracked 
| 121|0x0000000712400000, 0x0000000712400000, 0x0000000712600000|  0%| F|  |TAMS 0x0000000712400000, 0x0000000712400000| Untracked 
| 122|0x0000000712600000, 0x0000000712600000, 0x0000000712800000|  0%| F|  |TAMS 0x0000000712600000, 0x0000000712600000| Untracked 
| 123|0x0000000712800000, 0x0000000712800000, 0x0000000712a00000|  0%| F|  |TAMS 0x0000000712800000, 0x0000000712800000| Untracked 
| 124|0x0000000712a00000, 0x0000000712a00000, 0x0000000712c00000|  0%| F|  |TAMS 0x0000000712a00000, 0x0000000712a00000| Untracked 
| 125|0x0000000712c00000, 0x0000000712c2e960, 0x0000000712e00000|  9%| E|  |TAMS 0x0000000712c00000, 0x0000000712c00000| Complete 
| 126|0x0000000712e00000, 0x0000000713000000, 0x0000000713000000|100%| E|CS|TAMS 0x0000000712e00000, 0x0000000712e00000| Complete 

Card table byte_map: [0x0000026e361a0000,0x0000026e36990000] _byte_map_base: 0x0000026e32987000

Marking Bits (Prev, Next): (CMBitMap*) 0x0000026e1ce94db0, (CMBitMap*) 0x0000026e1ce94df0
 Prev Bits: [0x0000026e37180000, 0x0000026e3b0b8000)
 Next Bits: [0x0000026e3b0c0000, 0x0000026e3eff8000)

Polling page: 0x0000026e1cef0000

Metaspace:

Usage:
  Non-class:     13.82 MB used.
      Class:      1.67 MB used.
       Both:     15.49 MB used.

Virtual space:
  Non-class space:       64.00 MB reserved,      13.94 MB ( 22%) committed,  1 nodes.
      Class space:        1.00 GB reserved,       1.81 MB ( <1%) committed,  1 nodes.
             Both:        1.06 GB reserved,      15.75 MB (  1%) committed. 

Chunk freelists:
   Non-Class:  2.09 MB
       Class:  2.24 MB
        Both:  4.33 MB

MaxMetaspaceSize: unlimited
CompressedClassSpaceSize: 1.00 GB
Initial GC threshold: 21.00 MB
Current GC threshold: 21.00 MB
CDS: on
MetaspaceReclaimPolicy: balanced
 - commit_granule_bytes: 65536.
 - commit_granule_words: 8192.
 - virtual_space_node_default_size: 8388608.
 - enlarge_chunks_in_place: 1.
 - new_chunks_are_fully_committed: 0.
 - uncommit_free_chunks: 1.
 - use_allocation_guard: 0.


Internal statistics:

num_allocs_failed_limit: 0.
num_arena_births: 160.
num_arena_deaths: 0.
num_vsnodes_births: 2.
num_vsnodes_deaths: 0.
num_space_committed: 252.
num_space_uncommitted: 0.
num_chunks_returned_to_freelist: 0.
num_chunks_taken_from_freelist: 352.
num_chunk_merges: 0.
num_chunk_splits: 212.
num_chunks_enlarged: 122.
num_inconsistent_stats: 0.

CodeHeap 'non-profiled nmethods': size=120000Kb used=629Kb max_used=629Kb free=119370Kb
 bounds [0x0000026e2da20000, 0x0000026e2dc90000, 0x0000026e34f50000]
CodeHeap 'profiled nmethods': size=120000Kb used=3255Kb max_used=3255Kb free=116744Kb
 bounds [0x0000026e264f0000, 0x0000026e26820000, 0x0000026e2da20000]
CodeHeap 'non-nmethods': size=5760Kb used=1362Kb max_used=1377Kb free=4397Kb
 bounds [0x0000026e25f50000, 0x0000026e261c0000, 0x0000026e264f0000]
 total_blobs=2482 nmethods=1801 adapters=594
 compilation: enabled
              stopped_count=0, restarted_count=0
 full_count=0

Compilation events (20 events):
Event: 19528.758 Thread 0x0000026e41a93440 nmethod 1792 0x0000026e2681bb10 code [0x0000026e2681bca0, 0x0000026e2681bde8]
Event: 19528.758 Thread 0x0000026e41a93440 1793       3       java.awt.Color::<init> (72 bytes)
Event: 19528.761 Thread 0x0000026e41a93440 nmethod 1793 0x0000026e2681be90 code [0x0000026e2681c040, 0x0000026e2681c2c8]
Event: 38522.142 Thread 0x0000026e41a93440 1794  s    3       sun.awt.windows.WDesktopProperties::setColorProperty (91 bytes)
Event: 38522.144 Thread 0x0000026e41a93440 nmethod 1794 0x0000026e2681c390 code [0x0000026e2681c5a0, 0x0000026e2681cc68]
Event: 38522.206 Thread 0x0000026e41a93440 1795       3       java.awt.Color::equals (27 bytes)
Event: 38522.206 Thread 0x0000026e41a93440 nmethod 1795 0x0000026e2681cf10 code [0x0000026e2681d0c0, 0x0000026e2681d598]
Event: 149875.570 Thread 0x0000026e41a93440 1796   !   3       jdk.internal.ref.PhantomCleanable::isListEmpty (34 bytes)
Event: 149875.571 Thread 0x0000026e41a93440 nmethod 1796 0x0000026e2681d690 code [0x0000026e2681d820, 0x0000026e2681da78]
Event: 149875.571 Thread 0x0000026e41a93440 1797       3       jdk.internal.misc.InnocuousThread::eraseThreadLocals (23 bytes)
Event: 149875.571 Thread 0x0000026e41a93440 nmethod 1797 0x0000026e2681db90 code [0x0000026e2681dd20, 0x0000026e2681df18]
Event: 151054.214 Thread 0x0000026e41a92a60 1798       4       java.lang.String::replace (42 bytes)
Event: 151054.233 Thread 0x0000026e41a92a60 nmethod 1798 0x0000026e2dabad10 code [0x0000026e2dabaea0, 0x0000026e2dabb4f8]
Event: 151154.401 Thread 0x0000026e41a92a60 1799  s!   4       jdk.internal.loader.URLClassPath::getLoader (194 bytes)
Event: 151154.412 Thread 0x0000026e41a92a60 nmethod 1799 0x0000026e2dabb890 code [0x0000026e2dabba40, 0x0000026e2dabc188]
Event: 151615.142 Thread 0x0000026e41a92a60 1800       4       jdk.internal.module.Resources::toPackageName (39 bytes)
Event: 151615.149 Thread 0x0000026e41a92a60 nmethod 1800 0x0000026e2dabc510 code [0x0000026e2dabc6a0, 0x0000026e2dabc878]
Event: 151640.205 Thread 0x0000026e41a92a60 1801   !   4       jdk.internal.loader.BuiltinClassLoader::findMiscResource (122 bytes)
Event: 151640.210 Thread 0x0000026e41a92a60 nmethod 1801 0x0000026e2dabca10 code [0x0000026e2dabcbc0, 0x0000026e2dabd218]
Event: 151665.245 Thread 0x0000026e41a92a60 1802   !   4       jdk.internal.loader.BuiltinClassLoader::findResource (154 bytes)

GC Heap History (2 events):
Event: 0.663 GC heap before
{Heap before GC invocations=0 (full 0):
 garbage-first heap   total 260096K, used 20480K [0x0000000703200000, 0x0000000800000000)
  region size 2048K, 11 young (22528K), 0 survivors (0K)
 Metaspace       used 14877K, committed 15104K, reserved 1114112K
  class space    used 1604K, committed 1728K, reserved 1048576K
}
Event: 0.668 GC heap after
{Heap after GC invocations=1 (full 0):
 garbage-first heap   total 260096K, used 5523K [0x0000000703200000, 0x0000000800000000)
  region size 2048K, 2 young (4096K), 2 survivors (4096K)
 Metaspace       used 14877K, committed 15104K, reserved 1114112K
  class space    used 1604K, committed 1728K, reserved 1048576K
}

Deoptimization events (20 events):
Event: 0.570 Thread 0x0000026e47025550 Uncommon trap: trap_request=0xffffff45 fr.pc=0x0000026e2da55280 relative=0x00000000000003e0
Event: 0.570 Thread 0x0000026e47025550 Uncommon trap: reason=unstable_if action=reinterpret pc=0x0000026e2da55280 method=java.lang.AbstractStringBuilder.isLatin1()Z @ 10 c2
Event: 0.570 Thread 0x0000026e47025550 DEOPT PACKING pc=0x0000026e2da55280 sp=0x00000081f9ffef50
Event: 0.570 Thread 0x0000026e47025550 DEOPT UNPACKING pc=0x0000026e25fa5c23 sp=0x00000081f9ffeed0 mode 2
Event: 0.571 Thread 0x0000026e47025550 Uncommon trap: trap_request=0xffffff45 fr.pc=0x0000026e2da60048 relative=0x0000000000000048
Event: 0.571 Thread 0x0000026e47025550 Uncommon trap: reason=unstable_if action=reinterpret pc=0x0000026e2da60048 method=java.lang.CharacterData.of(I)Ljava/lang/CharacterData; @ 4 c2
Event: 0.571 Thread 0x0000026e47025550 DEOPT PACKING pc=0x0000026e2da60048 sp=0x00000081f9ffe6e0
Event: 0.571 Thread 0x0000026e47025550 DEOPT UNPACKING pc=0x0000026e25fa5c23 sp=0x00000081f9ffe680 mode 2
Event: 0.572 Thread 0x0000026e47025550 DEOPT PACKING pc=0x0000026e265c423e sp=0x00000081f9ffd950
Event: 0.572 Thread 0x0000026e47025550 DEOPT UNPACKING pc=0x0000026e25fa6763 sp=0x00000081f9ffcdf0 mode 0
Event: 0.608 Thread 0x0000026e1ce23ec0 DEOPT PACKING pc=0x0000026e267150be sp=0x00000081f86fdba0
Event: 0.608 Thread 0x0000026e1ce23ec0 DEOPT UNPACKING pc=0x0000026e25fa6763 sp=0x00000081f86fcfd0 mode 0
Event: 0.657 Thread 0x0000026e1ce23ec0 Uncommon trap: trap_request=0xffffff45 fr.pc=0x0000026e2da4c494 relative=0x0000000000000214
Event: 0.657 Thread 0x0000026e1ce23ec0 Uncommon trap: reason=unstable_if action=reinterpret pc=0x0000026e2da4c494 method=java.lang.StringUTF16.compress([CI[BII)I @ 20 c2
Event: 0.657 Thread 0x0000026e1ce23ec0 DEOPT PACKING pc=0x0000026e2da4c494 sp=0x00000081f86fd980
Event: 0.657 Thread 0x0000026e1ce23ec0 DEOPT UNPACKING pc=0x0000026e25fa5c23 sp=0x00000081f86fd900 mode 2
Event: 0.697 Thread 0x0000026e45f50cd0 DEOPT PACKING pc=0x0000026e2677c639 sp=0x00000081f9cfca30
Event: 0.697 Thread 0x0000026e45f50cd0 DEOPT UNPACKING pc=0x0000026e25fa6763 sp=0x00000081f9cfbe88 mode 3
Event: 0.698 Thread 0x0000026e4705a130 DEOPT PACKING pc=0x0000026e2677cc6a sp=0x00000081fa0ff120
Event: 0.698 Thread 0x0000026e4705a130 DEOPT UNPACKING pc=0x0000026e25fa6763 sp=0x00000081fa0fe5b8 mode 3

Classes loaded (20 events):
Event: 0.750 Loading class java/awt/Container$MouseEventTargetFilter
Event: 0.750 Loading class java/awt/Container$EventTargetFilter
Event: 0.750 Loading class java/awt/Container$EventTargetFilter done
Event: 0.750 Loading class java/awt/Container$MouseEventTargetFilter done
Event: 0.750 Loading class java/awt/LightweightDispatcher$1
Event: 0.750 Loading class java/awt/LightweightDispatcher$1 done
Event: 0.750 Loading class java/awt/event/AWTEventListenerProxy
Event: 0.750 Loading class java/awt/event/AWTEventListenerProxy done
Event: 0.750 Loading class java/awt/Toolkit$SelectiveAWTEventListener
Event: 0.750 Loading class java/awt/Toolkit$SelectiveAWTEventListener done
Event: 0.750 Loading class java/awt/Toolkit$ToolkitEventMulticaster
Event: 0.750 Loading class java/awt/Toolkit$ToolkitEventMulticaster done
Event: 0.751 Loading class java/awt/event/MouseWheelEvent
Event: 0.751 Loading class java/awt/event/MouseWheelEvent done
Event: 2.459 Loading class java/awt/LightweightDispatcher$2
Event: 2.459 Loading class java/awt/LightweightDispatcher$2 done
Event: 18.450 Loading class java/awt/KeyboardFocusManager$2
Event: 18.450 Loading class java/awt/KeyboardFocusManager$2 done
Event: 18.451 Loading class sun/awt/SunToolkit$1
Event: 18.451 Loading class sun/awt/SunToolkit$1 done

Classes unloaded (0 events):
No events

Classes redefined (0 events):
No events

Internal exceptions (20 events):
Event: 0.118 Thread 0x0000026e1ce23ec0 Exception <a 'java/lang/NoSuchMethodError'{0x0000000712d2f1e8}: 'java.lang.Object java.lang.invoke.DirectMethodHandle$Holder.invokeStaticInit(java.lang.Object)'> (0x0000000712d2f1e8) 
thrown [s\open\src\hotspot\share\interpreter\linkResolver.cpp, line 759]
Event: 0.141 Thread 0x0000026e1ce23ec0 Exception <a 'java/lang/NoSuchMethodError'{0x0000000712de9598}: 'void java.lang.invoke.DirectMethodHandle$Holder.invokeSpecial(java.lang.Object, java.lang.Object, java.lang.Object)'> (0x0000000712de9598) 
thrown [s\open\src\hotspot\share\interpreter\linkResolver.cpp, line 759]
Event: 0.146 Thread 0x0000026e1ce23ec0 Exception <a 'java/lang/NoSuchMethodError'{0x0000000712a14ad0}: 'java.lang.Object java.lang.invoke.DirectMethodHandle$Holder.newInvokeSpecial(java.lang.Object, java.lang.Object, java.lang.Object, java.lang.Object, java.lang.Object)'> (0x0000000712a14ad0) 
thrown [s\open\src\hotspot\share\interpreter\linkResolver.cpp, line 759]
Event: 0.150 Thread 0x0000026e1ce23ec0 Exception <a 'java/lang/NoSuchMethodError'{0x0000000712a465e0}: 'java.lang.Object java.lang.invoke.DirectMethodHandle$Holder.invokeStatic(java.lang.Object, int, java.lang.Object)'> (0x0000000712a465e0) 
thrown [s\open\src\hotspot\share\interpreter\linkResolver.cpp, line 759]
Event: 0.165 Thread 0x0000026e1ce23ec0 Exception <a 'java/lang/ClassNotFoundException'{0x0000000712b035b8}: com/sun/swing/internal/plaf/metal/resources/spi/metalProvider> (0x0000000712b035b8) 
thrown [s\open\src\hotspot\share\classfile\systemDictionary.cpp, line 255]
Event: 0.166 Thread 0x0000026e1ce23ec0 Exception <a 'java/lang/ClassNotFoundException'{0x0000000712b075a0}: com/sun/swing/internal/plaf/basic/resources/spi/basicProvider> (0x0000000712b075a0) 
thrown [s\open\src\hotspot\share\classfile\systemDictionary.cpp, line 255]
Event: 0.171 Thread 0x0000026e1ce23ec0 Exception <a 'java/lang/NoSuchMethodError'{0x0000000712b27950}: 'int java.lang.invoke.Invokers$Holder.invokeExact_MT(java.lang.Object, java.lang.Object)'> (0x0000000712b27950) 
thrown [s\open\src\hotspot\share\interpreter\linkResolver.cpp, line 759]
Event: 0.196 Thread 0x0000026e1ce23ec0 Exception <a 'java/lang/NoSuchMethodError'{0x000000071286d050}: 'java.lang.Object java.lang.invoke.DirectMethodHandle$Holder.invokeInterface(java.lang.Object, java.lang.Object)'> (0x000000071286d050) 
thrown [s\open\src\hotspot\share\interpreter\linkResolver.cpp, line 759]
Event: 0.215 Thread 0x0000026e1ce23ec0 Exception <a 'java/lang/NoSuchMethodError'{0x00000007128eea68}: 'void java.lang.invoke.DirectMethodHandle$Holder.invokeStatic(java.lang.Object, java.lang.Object, java.lang.Object)'> (0x00000007128eea68) 
thrown [s\open\src\hotspot\share\interpreter\linkResolver.cpp, line 759]
Event: 0.216 Thread 0x0000026e1ce23ec0 Exception <a 'java/lang/NoSuchMethodError'{0x00000007128f8958}: 'java.lang.Object java.lang.invoke.DirectMethodHandle$Holder.invokeVirtual(java.lang.Object, java.lang.Object, java.lang.Object)'> (0x00000007128f8958) 
thrown [s\open\src\hotspot\share\interpreter\linkResolver.cpp, line 759]
Event: 0.268 Thread 0x0000026e1ce23ec0 Exception <a 'java/lang/NoSuchMethodError'{0x0000000712400d20}: 'void java.lang.invoke.DirectMethodHandle$Holder.invokeStatic(java.lang.Object, java.lang.Object)'> (0x0000000712400d20) 
thrown [s\open\src\hotspot\share\interpreter\linkResolver.cpp, line 759]
Event: 0.305 Thread 0x0000026e1ce23ec0 Exception <a 'java/lang/NoSuchMethodError'{0x00000007125c5ff0}: 'void java.lang.invoke.DirectMethodHandle$Holder.invokeStaticInit(java.lang.Object, java.lang.Object)'> (0x00000007125c5ff0) 
thrown [s\open\src\hotspot\share\interpreter\linkResolver.cpp, line 759]
Event: 0.348 Thread 0x0000026e1ce23ec0 Exception <a 'sun/nio/fs/WindowsException'{0x00000007123c0950}> (0x00000007123c0950) 
thrown [s\open\src\hotspot\share\prims\jni.cpp, line 516]
Event: 0.377 Thread 0x0000026e1ce23ec0 Exception <a 'java/lang/NoSuchMethodError'{0x0000000712108a00}: 'java.lang.Object java.lang.invoke.DirectMethodHandle$Holder.invokeStaticInit(java.lang.Object, int, int, int, int)'> (0x0000000712108a00) 
thrown [s\open\src\hotspot\share\interpreter\linkResolver.cpp, line 759]
Event: 0.414 Thread 0x0000026e1ce23ec0 Exception <a 'java/lang/NoSuchMethodError'{0x0000000712186e58}: 'java.lang.Object java.lang.invoke.DirectMethodHandle$Holder.invokeStaticInit(java.lang.Object, java.lang.Object, int, int, int, int)'> (0x0000000712186e58) 
thrown [s\open\src\hotspot\share\interpreter\linkResolver.cpp, line 759]
Event: 0.567 Thread 0x0000026e47025550 Implicit null exception at 0x0000026e2da6d952 to 0x0000026e2da6dec4
Event: 0.567 Thread 0x0000026e47025550 Implicit null exception at 0x0000026e2da691d2 to 0x0000026e2da69740
Event: 0.575 Thread 0x0000026e47025550 Exception <a 'java/lang/NoSuchMethodError'{0x0000000711d57410}: 'java.lang.Object java.lang.invoke.DirectMethodHandle$Holder.newInvokeSpecial(java.lang.Object, java.lang.Object, java.lang.Object, int, int, int, int, int)'> (0x0000000711d57410) 
thrown [s\open\src\hotspot\share\interpreter\linkResolver.cpp, line 759]
Event: 0.638 Thread 0x0000026e45f50cd0 Exception <a 'java/lang/NoSuchMethodError'{0x0000000712d63420}: 'void java.lang.invoke.DirectMethodHandle$Holder.invokeVirtual(java.lang.Object, java.lang.Object)'> (0x0000000712d63420) 
thrown [s\open\src\hotspot\share\interpreter\linkResolver.cpp, line 759]
Event: 0.648 Thread 0x0000026e1ce23ec0 Exception <a 'java/lang/NoSuchMethodError'{0x0000000711b7e670}: 'void java.lang.invoke.DirectMethodHandle$Holder.invokeStaticInit(java.lang.Object)'> (0x0000000711b7e670) 
thrown [s\open\src\hotspot\share\interpreter\linkResolver.cpp, line 759]

VM Operations (20 events):
Event: 0.416 Executing VM operation: ICBufferFull
Event: 0.416 Executing VM operation: ICBufferFull done
Event: 0.571 Executing VM operation: HandshakeAllThreads
Event: 0.571 Executing VM operation: HandshakeAllThreads done
Event: 0.662 Executing VM operation: G1CollectForAllocation
Event: 0.668 Executing VM operation: G1CollectForAllocation done
Event: 0.678 Executing VM operation: HandshakeAllThreads
Event: 0.678 Executing VM operation: HandshakeAllThreads done
Event: 0.712 Executing VM operation: HandshakeAllThreads
Event: 0.712 Executing VM operation: HandshakeAllThreads done
Event: 1.718 Executing VM operation: Cleanup
Event: 1.718 Executing VM operation: Cleanup done
Event: 607.056 Executing VM operation: Cleanup
Event: 607.056 Executing VM operation: Cleanup done
Event: 1032.431 Executing VM operation: Cleanup
Event: 1032.432 Executing VM operation: Cleanup done
Event: 1703.899 Executing VM operation: Cleanup
Event: 1703.899 Executing VM operation: Cleanup done
Event: 5547.684 Executing VM operation: Cleanup
Event: 5547.684 Executing VM operation: Cleanup done

Events (20 events):
Event: 0.056 Thread 0x0000026e45e18100 Thread added: 0x0000026e45e18100
Event: 0.060 Loaded shared library C:\Program Files\Java\jdk-18.0.2.1\bin\zip.dll
Event: 0.062 Thread 0x0000026e45f23ac0 Thread added: 0x0000026e45f23ac0
Event: 0.069 Loaded shared library C:\Program Files\Java\jdk-18.0.2.1\bin\jimage.dll
Event: 0.078 Loaded shared library C:\Program Files\Java\jdk-18.0.2.1\bin\awt.dll
Event: 0.118 Thread 0x0000026e45f5e2d0 Thread added: 0x0000026e45f5e2d0
Event: 0.119 Thread 0x0000026e45f5e870 Thread added: 0x0000026e45f5e870
Event: 0.120 Thread 0x0000026e45f50cd0 Thread added: 0x0000026e45f50cd0
Event: 0.179 Thread 0x0000026e460c4b70 Thread added: 0x0000026e460c4b70
Event: 0.425 Loaded shared library C:\Program Files\Java\jdk-18.0.2.1\bin\sunmscapi.dll
Event: 0.488 Thread 0x0000026e46e683e0 Thread added: 0x0000026e46e683e0
Event: 0.565 Thread 0x0000026e47025550 Thread added: 0x0000026e47025550
Event: 0.637 Thread 0x0000026e4705a130 Thread added: 0x0000026e4705a130
Event: 0.651 Loaded shared library C:\Program Files\Java\jdk-18.0.2.1\bin\freetype.dll
Event: 0.651 Loaded shared library C:\Program Files\Java\jdk-18.0.2.1\bin\fontmanager.dll
Event: 0.711 Thread 0x0000026e1ce23ec0 Thread exited: 0x0000026e1ce23ec0
Event: 0.711 Thread 0x0000026e1ce23ec0 Thread added: 0x0000026e1ce23ec0
Event: 0.915 Thread 0x0000026e45f23ac0 Thread exited: 0x0000026e45f23ac0
Event: 0.915 Thread 0x0000026e46e683e0 Thread exited: 0x0000026e46e683e0
Event: 5.587 Thread 0x0000026e47025550 Thread exited: 0x0000026e47025550


Dynamic libraries:
0x00007ff7940b0000 - 0x00007ff7940c0000 	C:\Program Files\Java\jdk-18.0.2.1\bin\java.exe
0x00007ffddd700000 - 0x00007ffddd909000 	C:\WINDOWS\SYSTEM32\ntdll.dll
0x00007ffddcd30000 - 0x00007ffddcdee000 	C:\WINDOWS\System32\KERNEL32.DLL
0x00007ffddac00000 - 0x00007ffddaf7b000 	C:\WINDOWS\System32\KERNELBASE.dll
0x00007ffddb0a0000 - 0x00007ffddb1b1000 	C:\WINDOWS\System32\ucrtbase.dll
0x00007ffd9e6c0000 - 0x00007ffd9e6d8000 	C:\Program Files\Java\jdk-18.0.2.1\bin\jli.dll
0x00007ffdc6520000 - 0x00007ffdc653a000 	C:\Program Files\Java\jdk-18.0.2.1\bin\VCRUNTIME140.dll
0x00007ffddcc10000 - 0x00007ffddccbe000 	C:\WINDOWS\System32\ADVAPI32.dll
0x00007ffddb720000 - 0x00007ffddb7c3000 	C:\WINDOWS\System32\msvcrt.dll
0x00007ffddcb30000 - 0x00007ffddcbce000 	C:\WINDOWS\System32\sechost.dll
0x00007ffddd0a0000 - 0x00007ffddd1c0000 	C:\WINDOWS\System32\RPCRT4.dll
0x00007ffddb7d0000 - 0x00007ffddb97d000 	C:\WINDOWS\System32\USER32.dll
0x00007ffddabd0000 - 0x00007ffddabf6000 	C:\WINDOWS\System32\win32u.dll
0x00007ffda3220000 - 0x00007ffda34c5000 	C:\WINDOWS\WinSxS\amd64_microsoft.windows.common-controls_6595b64144ccf1df_6.0.22000.120_none_9d947278b86cc467\COMCTL32.dll
0x00007ffddb990000 - 0x00007ffddb9b9000 	C:\WINDOWS\System32\GDI32.dll
0x00007ffddaf80000 - 0x00007ffddb098000 	C:\WINDOWS\System32\gdi32full.dll
0x00007ffddb300000 - 0x00007ffddb39d000 	C:\WINDOWS\System32\msvcp_win.dll
0x00007ffdd06b0000 - 0x00007ffdd06ba000 	C:\WINDOWS\SYSTEM32\VERSION.dll
0x00007ffddcbd0000 - 0x00007ffddcc02000 	C:\WINDOWS\System32\IMM32.DLL
0x00007ffdd23e0000 - 0x00007ffdd23ec000 	C:\Program Files\Java\jdk-18.0.2.1\bin\vcruntime140_1.dll
0x00007ffd97f00000 - 0x00007ffd97f8d000 	C:\Program Files\Java\jdk-18.0.2.1\bin\msvcp140.dll
0x00007ffd59030000 - 0x00007ffd59c41000 	C:\Program Files\Java\jdk-18.0.2.1\bin\server\jvm.dll
0x00007ffddd080000 - 0x00007ffddd088000 	C:\WINDOWS\System32\PSAPI.DLL
0x00007ffdd2350000 - 0x00007ffdd2383000 	C:\WINDOWS\SYSTEM32\WINMM.dll
0x00007ffdd7220000 - 0x00007ffdd7229000 	C:\WINDOWS\SYSTEM32\WSOCK32.dll
0x00007ffddccc0000 - 0x00007ffddcd2f000 	C:\WINDOWS\System32\ws2_32.DLL
0x00007ffdd9d40000 - 0x00007ffdd9d58000 	C:\WINDOWS\SYSTEM32\kernel.appcore.dll
0x00007ffdd04a0000 - 0x00007ffdd04aa000 	C:\Program Files\Java\jdk-18.0.2.1\bin\jimage.dll
0x00007ffdd8520000 - 0x00007ffdd8741000 	C:\WINDOWS\SYSTEM32\DBGHELP.DLL
0x00007ffdc3a90000 - 0x00007ffdc3ac1000 	C:\WINDOWS\SYSTEM32\dbgcore.DLL
0x00007ffddb1c0000 - 0x00007ffddb23f000 	C:\WINDOWS\System32\bcryptPrimitives.dll
0x00007ffdc38a0000 - 0x00007ffdc38c5000 	C:\Program Files\Java\jdk-18.0.2.1\bin\java.dll
0x00007ffd9b690000 - 0x00007ffd9b766000 	C:\Program Files\Java\jdk-18.0.2.1\bin\jsvml.dll
0x00007ffddbd40000 - 0x00007ffddc4f7000 	C:\WINDOWS\System32\SHELL32.dll
0x00007ffdd8c80000 - 0x00007ffdd94e5000 	C:\WINDOWS\SYSTEM32\windows.storage.dll
0x00007ffddb9c0000 - 0x00007ffddbd38000 	C:\WINDOWS\System32\combase.dll
0x00007ffdd8b10000 - 0x00007ffdd8c76000 	C:\WINDOWS\SYSTEM32\wintypes.dll
0x00007ffddd4a0000 - 0x00007ffddd58a000 	C:\WINDOWS\System32\SHCORE.dll
0x00007ffddd440000 - 0x00007ffddd49d000 	C:\WINDOWS\System32\shlwapi.dll
0x00007ffddab00000 - 0x00007ffddab21000 	C:\WINDOWS\SYSTEM32\profapi.dll
0x00007ffdc5260000 - 0x00007ffdc5273000 	C:\Program Files\Java\jdk-18.0.2.1\bin\net.dll
0x00007ffdd5200000 - 0x00007ffdd5314000 	C:\WINDOWS\SYSTEM32\WINHTTP.dll
0x00007ffdda1e0000 - 0x00007ffdda247000 	C:\WINDOWS\system32\mswsock.dll
0x00007ffdc3790000 - 0x00007ffdc37a6000 	C:\Program Files\Java\jdk-18.0.2.1\bin\nio.dll
0x00007ffdc2390000 - 0x00007ffdc23a8000 	C:\Program Files\Java\jdk-18.0.2.1\bin\zip.dll
0x00007ffd80420000 - 0x00007ffd805af000 	C:\Program Files\Java\jdk-18.0.2.1\bin\awt.dll
0x00007ffddd2e0000 - 0x00007ffddd3b6000 	C:\WINDOWS\System32\OLEAUT32.dll
0x00007ffdd7a30000 - 0x00007ffdd7ac2000 	C:\WINDOWS\SYSTEM32\apphelp.dll
0x00007ffdd8310000 - 0x00007ffdd833f000 	C:\WINDOWS\system32\DWMAPI.DLL
0x00007ffdd7d90000 - 0x00007ffdd7e3c000 	C:\WINDOWS\system32\uxtheme.dll
0x00007ffd9e3c0000 - 0x00007ffd9e4c1000 	C:\WINDOWS\system32\opengl32.dll
0x00007ffdc33a0000 - 0x00007ffdc33cd000 	C:\WINDOWS\SYSTEM32\GLU32.dll
0x00007ffdd7ea0000 - 0x00007ffdd7ed8000 	C:\WINDOWS\SYSTEM32\dxcore.dll
0x00007ffddd1c0000 - 0x00007ffddd2dd000 	C:\WINDOWS\System32\MSCTF.dll
0x00007ffddb580000 - 0x00007ffddb71a000 	C:\WINDOWS\System32\ole32.dll
0x00007ffdd9750000 - 0x00007ffdd9838000 	C:\WINDOWS\SYSTEM32\DNSAPI.dll
0x00007ffdd9720000 - 0x00007ffdd974d000 	C:\WINDOWS\SYSTEM32\IPHLPAPI.DLL
0x00007ffddb980000 - 0x00007ffddb989000 	C:\WINDOWS\System32\NSI.dll
0x00007ffdd1db0000 - 0x00007ffdd1dba000 	C:\Windows\System32\rasadhlp.dll
0x00007ffdd1f60000 - 0x00007ffdd1fe1000 	C:\WINDOWS\System32\fwpuclnt.dll
0x00007ffdda420000 - 0x00007ffdda438000 	C:\WINDOWS\SYSTEM32\CRYPTSP.dll
0x00007ffdd9ca0000 - 0x00007ffdd9cd5000 	C:\WINDOWS\system32\rsaenh.dll
0x00007ffdda2d0000 - 0x00007ffdda2f9000 	C:\WINDOWS\SYSTEM32\USERENV.dll
0x00007ffdda5b0000 - 0x00007ffdda5d7000 	C:\WINDOWS\SYSTEM32\bcrypt.dll
0x00007ffdda440000 - 0x00007ffdda44c000 	C:\WINDOWS\SYSTEM32\CRYPTBASE.dll
0x00007ffdd3300000 - 0x00007ffdd3319000 	C:\WINDOWS\SYSTEM32\dhcpcsvc6.DLL
0x00007ffdd3600000 - 0x00007ffdd361e000 	C:\WINDOWS\SYSTEM32\dhcpcsvc.DLL
0x00007ffdd2440000 - 0x00007ffdd244e000 	C:\Program Files\Java\jdk-18.0.2.1\bin\sunmscapi.dll
0x00007ffddb410000 - 0x00007ffddb572000 	C:\WINDOWS\System32\CRYPT32.dll
0x00007ffdda580000 - 0x00007ffdda5a8000 	C:\WINDOWS\SYSTEM32\ncrypt.dll
0x00007ffdda540000 - 0x00007ffdda577000 	C:\WINDOWS\SYSTEM32\NTASN1.dll
0x00007ffd96cc0000 - 0x00007ffd96d46000 	C:\Program Files\Java\jdk-18.0.2.1\bin\freetype.dll
0x00007ffd90d30000 - 0x00007ffd90dd8000 	C:\Program Files\Java\jdk-18.0.2.1\bin\fontmanager.dll
0x00007ffdbfa40000 - 0x00007ffdbfb6d000 	C:\WINDOWS\SYSTEM32\textinputframework.dll

dbghelp: loaded successfully - version: 4.0.5 - missing functions: none
symbol engine: initialized successfully - sym options: 0x614 - pdb path: .;C:\Program Files\Java\jdk-18.0.2.1\bin;C:\WINDOWS\SYSTEM32;C:\WINDOWS\WinSxS\amd64_microsoft.windows.common-controls_6595b64144ccf1df_6.0.22000.120_none_9d947278b86cc467;C:\Program Files\Java\jdk-18.0.2.1\bin\server

VM Arguments:
jvm_args: -Dfile.encoding=UTF-8 --module-path=C:\Users\prati\OneDrive\Documents\NetBeansProjects\Hotel Management System\build\classes 
java_command: hotel.management.system.Checkout
java_class_path (initial): C:\Users\prati\Downloads\mysql-connector-java-8.0.28.jar;C:\Users\prati\Downloads\rs2xml.jar;C:\Users\prati\OneDrive\Documents\NetBeansProjects\Hotel Management System\build\classes
Launcher Type: SUN_STANDARD

[Global flags]
     intx CICompilerCount                          = 4                                         {product} {ergonomic}
     uint ConcGCThreads                            = 2                                         {product} {ergonomic}
     uint G1ConcRefinementThreads                  = 8                                         {product} {ergonomic}
   size_t G1HeapRegionSize                         = 2097152                                   {product} {ergonomic}
    uintx GCDrainStackTargetSize                   = 64                                        {product} {ergonomic}
   size_t InitialHeapSize                          = 266338304                                 {product} {ergonomic}
   size_t MarkStackSize                            = 4194304                                   {product} {ergonomic}
   size_t MaxHeapSize                              = 4242538496                                {product} {ergonomic}
   size_t MaxNewSize                               = 2543845376                                {product} {ergonomic}
   size_t MinHeapDeltaBytes                        = 2097152                                   {product} {ergonomic}
   size_t MinHeapSize                              = 8388608                                   {product} {ergonomic}
    uintx NonNMethodCodeHeapSize                   = 5839372                                {pd product} {ergonomic}
    uintx NonProfiledCodeHeapSize                  = 122909434                              {pd product} {ergonomic}
    uintx ProfiledCodeHeapSize                     = 122909434                              {pd product} {ergonomic}
    uintx ReservedCodeCacheSize                    = 251658240                              {pd product} {ergonomic}
     bool SegmentedCodeCache                       = true                                      {product} {ergonomic}
   size_t SoftMaxHeapSize                          = 4242538496                             {manageable} {ergonomic}
     bool UseCompressedClassPointers               = true                           {product lp64_product} {ergonomic}
     bool UseCompressedOops                        = true                           {product lp64_product} {ergonomic}
     bool UseG1GC                                  = true                                      {product} {ergonomic}
     bool UseLargePagesIndividualAllocation        = false                                  {pd product} {ergonomic}

Logging:
Log output configuration:
 #0: stdout all=warning uptime,level,tags foldmultilines=false
 #1: stderr all=off uptime,level,tags foldmultilines=false

Environment Variables:
PATH=C:\Program Files\Common Files\Oracle\Java\javapath;C:\Python310\Scripts\;C:\Python310\;C:\WINDOWS\system32;C:\WINDOWS;C:\WINDOWS\System32\Wbem;C:\WINDOWS\System32\WindowsPowerShell\v1.0\;C:\WINDOWS\System32\OpenSSH\;C:\MinGW\bin;C:\Program Files\Java\jdk-18.0.2.1\bin;C:\Program Files\nodejs\;C:\Program Files\MongoDB\Server\6.0\bin;C:\Program Files\dotnet\;C:\Program Files\Microsoft SQL Server\150\Tools\Binn\;C:\Program Files\Microsoft SQL Server\Client SDK\ODBC\170\Tools\Binn\;C:\Program Files (x86)\Microsoft SQL Server\150\Tools\Binn\;C:\Program Files\Microsoft SQL Server\150\DTS\Binn\;C:\Program Files\Azure Data Studio\bin;C:\Program Files\Docker\Docker\resources\bin;C:\Program Files\Apache Software Foundation\Tomcat 9.0\bin;C:\Program Files\Java\jdk-18.0.2.1\bin;C:\Program Files\Apache Software Foundation\Tomcat 9.0\bin;C:\Program Files (x86)\Microsoft SQL Server\150\DTS\Binn\;C:\Program Files\Kubernetes\Minikube;C:\Users\prati\AppData\Local\Microsoft\WindowsApps;C:\Users\prati\AppData\Local\Programs\Microsoft VS Code\bin;C:\Users\prati\AppData\Local\JetBrains\IntelliJ IDEA Community Edition 2022.2.2\bin;;C:\Users\prati\AppData\Roaming\npm;C:\Users\prati\AppData\Local\Programs\Git\cmd;C:\Users\prati\AppData\Local\GitHubDesktop\bin
USERNAME=prati
OS=Windows_NT
PROCESSOR_IDENTIFIER=Intel64 Family 6 Model 140 Stepping 1, GenuineIntel



---------------  S Y S T E M  ---------------

OS:
 Windows 11 , 64 bit Build 22000 (10.0.22000.1335)
OS uptime: 3 days 12:39 hours
Hyper-V role detected

CPU: total 8 (initial active 8) (4 cores per cpu, 2 threads per core) family 6 model 140 stepping 1 microcode 0x8a, cx8, cmov, fxsr, ht, mmx, 3dnowpref, sse, sse2, sse3, ssse3, sse4.1, sse4.2, popcnt, lzcnt, tsc, tscinvbit, avx, avx2, aes, erms, clmul, bmi1, bmi2, adx, avx512f, avx512dq, avx512cd, avx512bw, avx512vl, sha, fma, vzeroupper, avx512_vpopcntdq, avx512_vpclmulqdq, avx512_vaes, avx512_vnni, clflush, clflushopt, clwb, avx512_vbmi2, avx512_vbmi, hv

Memory: 4k page, system-wide physical 16183M (2870M free)
TotalPageFile size 40596M (AvailPageFile size 5M)
current process WorkingSet (physical memory assigned to process): 51M, peak: 101M
current process commit charge ("private bytes"): 370M, peak: 373M

vm_info: Java HotSpot(TM) 64-Bit Server VM (18.0.2.1+1-1) for windows-amd64 JRE (18.0.2.1+1-1), built on Aug 16 2022 01:46:33 by "mach5one" with MS VC++ 16.8 / 16.9 (VS2019)

END.
